Log: Log file open, 12/26/21 18:09:09
Init: Name subsystem initialized
Init: Version: 10897
Init: Compiled: Dec 26 2021 18:05:01
Init: Command line: 
Init: Base directory: E:\Cpp\UE3Make\
Init: Character set: Unicode
Init: Object subsystem initialized
Log: Loading AssetCache file (ver 1)
Heading: --------------------------Loading Core--------------------------
Log: Loading global macros for Core
Heading: -------------------------Loading Engine-------------------------
Log: Loading global macros for Engine
Heading: --------------------------Loading IpDrv-------------------------
Log: Loading global macros for IpDrv
Heading: --------------------------Loading GFxUI-------------------------
Log: Loading global macros for GFxUI
Heading: -------------------------Loading AkAudio------------------------
Log: Loading global macros for AkAudio
Heading: ----------------------Loading GameFramework---------------------
Log: Loading global macros for GameFramework
Heading: ------------------------Loading UnrealEd------------------------
Log: Loading global macros for UnrealEd
Heading: -----------------------Loading GFxUIEditor----------------------
Log: Loading global macros for GFxUIEditor
Heading: -------------------------Loading WinDrv-------------------------
Log: Loading global macros for WinDrv
Heading: ----------------Loading OnlineSubsystemSteamworks---------------
Log: Loading global macros for OnlineSubsystemSteamworks
Heading: ------------------Loading OnlineSubsystemDingo------------------
Log: Loading global macros for OnlineSubsystemDingo
Heading: ----------------------Loading SubstanceAir----------------------
Log: Loading global macros for SubstanceAir
Heading: ---------------------Loading SubstanceAirEd---------------------
Log: Loading global macros for SubstanceAirEd
Heading: -------------------------Loading BaseAI-------------------------
Log: Loading global macros for BaseAI
Heading: --------------------Loading OnlineSubsystemPC-------------------
Log: Loading global macros for OnlineSubsystemPC
Heading: -------------------------Loading KFGame-------------------------
Log: Loading global macros for KFGame
Heading: ----------------------Loading KFGameContent---------------------
Log: Loading global macros for KFGameContent
Heading: ------------------------Loading WebAdmin------------------------
Log: Loading global macros for WebAdmin
Heading: ----------------------Compiling packages...---------------------
Heading: ------------Compile ZEDModifications_LevelTransition------------
Log: Analyzing...
Log: Loading global macros for ZEDModifications_LevelTransition
Log: Parsing MS_Game...
Log: Parsing MS_HUD...
Log: Parsing MS_Input...
Log: Parsing MS_PC...
Log: Compiling MS_Game...
Log: Compiling MS_HUD...
DevLoad: 0.0ms Loading: Package UI_LevelChevrons_TEX (C:\Pelit\Steam\steamapps\common\killingfloor2\KFGame\BrewedPC\Packages\UserInterface\Shared\UI_LevelChevrons_TEX.upk - 387004 bytes)
Log: Compiling MS_Input...
Log: Compiling MS_PC...
Log: Importing defaultproperties of Class ZEDModifications_LevelTransition.MS_Game
Log: Importing defaultproperties of Class ZEDModifications_LevelTransition.MS_HUD
DevLoad: 319.0ms Loading: Package ui_mappreview_tex (C:\Pelit\Steam\steamapps\common\killingfloor2\KFGame\BrewedPC\Packages\UserInterface\Shared\UI_MapPreview_TEX.upk - 5701370 bytes)
Log: Importing defaultproperties of Class ZEDModifications_LevelTransition.MS_Input
Log: Importing defaultproperties of Class ZEDModifications_LevelTransition.MS_PC
Log: Success: Compiled 2007 line(s), 111 statement(s).

Log: Moving 'Code\Save.tmp' to 'Code\ZEDModifications_LevelTransition.u'
Heading: --------------------Compile ZEDModifications--------------------
Log: Analyzing...
Log: Loading needed reference KFModifications_HUD...
Log: Loading global macros for KFModifications_HUD
Log: Loading needed reference KFModifications_Pings...
Log: Loading global macros for KFModifications_Pings
Log: Loading needed reference KFModifications_KOH...
Log: Loading global macros for KFModifications_KOH
Log: Loading needed reference KFModifications_Trails...
Log: Loading global macros for KFModifications_Trails
Log: Loading needed reference KFModifications_Fonts...
Log: Loading global macros for KFModifications_Fonts
Log: Loading needed reference kfmodifications_fonts2...
Log: Loading global macros for kfmodifications_fonts2
Log: Loading needed reference KFModifications_Sounds...
Log: Loading global macros for KFModifications_Sounds
Log: Loading needed reference KFModifications_Achievements...
Log: Loading global macros for KFModifications_Achievements
Log: Loading needed reference KFModifications_Perks...
Log: Loading global macros for KFModifications_Perks
Log: Loading needed reference KFEmotes_Assets...
Log: Loading global macros for KFEmotes_Assets
Log: Loading needed reference UI_PerkIcons_TEX_Redone...
Log: Loading global macros for UI_PerkIcons_TEX_Redone
Log: Loading needed reference ZED_SuperPatriarch_ANIM...
Log: Loading global macros for ZED_SuperPatriarch_ANIM
Log: Loading needed reference UI_LevelChevrons_TEX...
Log: Loading global macros for UI_LevelChevrons_TEX
Log: Loading needed reference UI_Objective_Tex...
Log: Loading global macros for UI_Objective_Tex
Log: Loading needed reference UI_HUD...
Log: Loading global macros for UI_HUD
Log: Loading needed reference UI_Menus...
Log: Loading global macros for UI_Menus
Log: Loading global macros for ZEDModifications
Log: Parsing ClassicKFHUD...
Log: Parsing AchievementInfo...
Log: Parsing AchievmentInfoData...
Log: Parsing BaseMinigameInteraction...
Log: Parsing ArmsRaceInteraction...
Log: Parsing BaseMinigameReplicationInfo...
Log: Parsing ArmsRaceReplication...
Log: Parsing AvatarImageDownloader...
Log: Parsing BackPackComponent...
Log: Parsing BaseMinigameGlobalReplicationInfo...
Log: Parsing BaseVoteCommand...
Log: Parsing ZEDHitZoneInterface...
Log: Parsing BossHealInterface...
Log: Parsing KFGUI_Base...
Log: Parsing GUIStyleBase...
Log: Parsing KF2Style...
Log: Parsing ClassicStyle...
Log: Parsing ConfigHelper...
Log: Parsing CustomGfxInterface...
Log: Parsing CVSM_AINoTaunt...
Log: Parsing CVSM_PlayerAlpha_Rally...
Log: Parsing DebugCameraActor...
Log: Parsing DebugReplicationInfo...
Log: Parsing DroppedPickupColors...
Log: Parsing DrunkClient...
Log: Parsing KFColorHelper...
Log: Parsing ExtDroppedPickup...
Log: Parsing ExtHeadShotEffectList...
Log: Parsing SprayManager...
Log: Parsing PerkStatsObject...
Log: Parsing FMXPlayerController...
Log: Parsing ExtPlayerReplicationInfo...
Log: Parsing ExtSpawnPointHelper...
Log: Parsing FirstPersonBody...
Log: Parsing KFGUI_MultiComponent...
Log: Parsing UIP_ColorSettings...
Log: Parsing FMX_ColorSettings...
Log: Parsing FMX_FHUDColorSettings...
Log: Parsing FMX_FHUDSettings...
Log: Parsing KFGUI_Page...
Log: Parsing KFGUI_FloatingWindow...
Log: Parsing FMX_ForceMapMenu...
Log: Parsing FMX_GoreSettings...
Log: Parsing FMX_LobbyMenu...
Log: Parsing UI_MidGameMenu...
Log: Parsing FMX_MidGameMenu...
Log: Parsing FMX_NotifyForceMap...
Log: Parsing FMX_NotifyModded...
Log: Parsing FMX_RefillStation...
Log: Parsing UIP_Settings...
Log: Parsing FMX_Settings...
Log: Parsing FMXAffliction_Fire...
Log: Parsing FMXAffliction_Fire_Patriarch...
Log: Parsing FMXAffliction_Fire_ZEDWars...
Log: Parsing FMXAfflictionManager...
Log: Parsing FMXAfflictionManager_ZEDWars...
Log: Parsing FMXAIController_Hans...
Log: Parsing FMXAIController_Hans_ZEDWars...
Log: Parsing FMXAIController_ZedBloat...
Log: Parsing FMXAIController_ZedBloat_ZEDWars...
Log: Parsing FMXAIController_ZedBloatKing...
Log: Parsing FMXAIController_ZedBloatKing_Legacy...
Log: Parsing FMXAIController_ZedBloatKing_ZEDWars...
Log: Parsing FMXAIController_ZedBloatKingSubspawn...
Log: Parsing FMXAIController_ZedBloatKingSubspawn_Legacy...
Log: Parsing FMXAIController_ZedBloatKingSubspawn_ZEDWars...
Log: Parsing FMXAIController_ZedClot_Alpha...
Log: Parsing FMXAIController_ZedClot_Alpha_ZEDWars...
Log: Parsing FMXAIController_ZedClot_AlphaKing...
Log: Parsing FMXAIController_ZedClot_AlphaKing_Legacy...
Log: Parsing FMXAIController_ZedClot_AlphaKing_ZEDWars...
Log: Parsing FMXAIController_ZedClot_Cyst...
Log: Parsing FMXAIController_ZedClot_Cyst_ZEDWars...
Log: Parsing FMXAIController_ZedClot_Slasher...
Log: Parsing FMXAIController_ZedClot_Slasher_ZEDWars...
Log: Parsing FMXAIController_ZedCrawler...
Log: Parsing FMXAIController_ZedCrawler_ZEDWars...
Log: Parsing FMXAIController_ZedCrawlerKing...
Log: Parsing FMXAIController_ZedCrawlerKing_ZEDWars...
Log: Parsing FMXAIController_ZedDAR_EMP...
Log: Parsing FMXAIController_ZedDAR_EMP_ZEDWars...
Log: Parsing FMXAIController_ZedDAR_Laser...
Log: Parsing FMXAIController_ZedDAR_Laser_ZEDWars...
Log: Parsing FMXAIController_ZedDAR_Rocket...
Log: Parsing FMXAIController_ZedDAR_Rocket_ZEDWars...
Log: Parsing FMXAIController_ZedFleshpound...
Log: Parsing FMXAIController_ZedFleshpound_NRS...
Log: Parsing FMXAIController_ZedFleshpound_Nightcore...
Log: Parsing FMXAIController_ZedFleshpound_ZEDWars...
Log: Parsing FMXAIController_ZedFleshpoundKing...
Log: Parsing FMXAIController_ZedGorefast...
Log: Parsing FMXAIController_ZedGorefast_ZEDWars...
Log: Parsing FMXAIController_ZedGorefastDualBlade...
Log: Parsing FMXAIController_ZedGorefastDualBlade_ZEDWars...
Log: Parsing FMXAIController_ZedHusk...
Log: Parsing FMXAIController_ZedHusk_ZEDWars...
Log: Parsing FMXAIController_ZedPatriarch...
Log: Parsing FMXAIController_ZedPatriarch_Legacy...
Log: Parsing FMXAIController_ZedPatriarch_ZEDWars...
Log: Parsing FMXAIController_ZedScrake...
Log: Parsing FMXAIController_ZedScrake_Nightcore...
Log: Parsing FMXAIController_ZedScrake_ZEDWars...
Log: Parsing FMXAIController_ZedSiren...
Log: Parsing FMXAIController_ZedSiren_ZEDWars...
Log: Parsing FMXAIController_ZedStalker...
Log: Parsing FMXAIController_ZedStalker_ZEDWars...
Log: Parsing FMXAIPluginRage_Fleshpound...
Log: Parsing FMXAutoPurchaseHelper...
Log: Parsing FMXCD_AIController_Bloat_Nightcore...
Log: Parsing FMXCD_AIController_ClotAlpha_Nightcore...
Log: Parsing FMXCD_AIController_ClotCyst_Nightcore...
Log: Parsing FMXCD_AIController_ClotSlasher_Nightcore...
Log: Parsing FMXCD_AIController_Crawler_Nightcore...
Log: Parsing FMXCD_AIController_FP_RS...
Log: Parsing FMXCD_AIController_Gorefast_Harder...
Log: Parsing FMXCD_AIController_Gorefast_Nightcore...
Log: Parsing FMXCD_AIController_Husk_Harder...
Log: Parsing FMXCD_AIController_Husk_Nightcore...
Log: Parsing FMXCD_AIController_Siren_Harder...
Log: Parsing FMXCD_AIController_Siren_Nightcore...
Log: Parsing FMXCD_AIController_Stalker_Nightcore...
Log: Parsing FMXCD_AIController_ZedGorefastDualBlade_Harder...
Log: Parsing FMXCD_DS_Siren_Harder...
Log: Parsing FMXPawn_ZedFleshpound...
Log: Parsing FMXPawn_ZedFleshpoundAlpha...
Log: Parsing FMXCD_Pawn_ZedAlphaFleshpound_RS...
Log: Parsing FMXPawn_ZedBloat...
Log: Parsing FMXCD_Pawn_ZedBloat_Harder...
Log: Parsing FMXCD_Pawn_ZedBloat_Nightcore...
Log: Parsing FMXPawn_ZedClot_Alpha...
Log: Parsing FMXCD_Pawn_ZedClot_Alpha_Harder...
Log: Parsing FMXCD_Pawn_ZedClot_Alpha_Nightcore...
Log: Parsing FMXPawn_ZedClot_Cyst...
Log: Parsing FMXCD_Pawn_ZedClot_Cyst_Harder...
Log: Parsing FMXCD_Pawn_ZedClot_Cyst_Nightcore...
Log: Parsing FMXPawn_ZedClot_Slasher...
Log: Parsing FMXCD_Pawn_ZedClot_Slasher_Harder...
Log: Parsing FMXCD_Pawn_ZedClot_Slasher_Nightcore...
Log: Parsing FMXPawn_ZedCrawler...
Log: Parsing FMXCD_Pawn_ZedCrawler_Harder...
Log: Parsing FMXCD_Pawn_ZedCrawler_Nightcore...
Log: Parsing FMXCD_Pawn_ZedFleshpound_NRS_Harder...
Log: Parsing FMXCD_Pawn_ZedFleshpound_NRS_Nightcore...
Log: Parsing FMXCD_Pawn_ZedFleshpound_RS...
Log: Parsing FMXPawn_ZedFleshpoundMini...
Log: Parsing FMXCD_Pawn_ZedFleshpoundMini_Harder...
Log: Parsing FMXCD_Pawn_ZedFleshpoundMini_RS...
Log: Parsing FMXPawn_ZedGorefast...
Log: Parsing FMXCD_Pawn_ZedGorefast_Harder...
Log: Parsing FMXCD_Pawn_ZedGorefast_Nightcore...
Log: Parsing FMXPawn_ZedGorefastDualBlade...
Log: Parsing FMXCD_Pawn_ZedGorefast_Special_Harder...
Log: Parsing FMXPawn_ZedHusk...
Log: Parsing FMXCD_Pawn_ZedHusk_Harder...
Log: Parsing FMXCD_Pawn_ZedHusk_Nightcore...
Log: Parsing FMXPawn_ZedScrake...
Log: Parsing FMXCD_Pawn_ZedScrake_Harder...
Log: Parsing FMXCD_Pawn_ZedScrake_Nightcore...
Log: Parsing FMXPawn_ZedSiren...
Log: Parsing FMXCD_Pawn_ZedSiren_Harder...
Log: Parsing FMXCD_Pawn_ZedSiren_Nightcore...
Log: Parsing FMXPawn_ZedStalker...
Log: Parsing FMXCD_Pawn_ZedStalker_Nightcore...
Log: Parsing FMXCD_Proj_Husk_Fireball_Harder...
Log: Parsing FMXCD_SM_Siren_Scream_Harder...
Log: Parsing FMXCharacterInfo...
Log: Parsing FMXCheatManager...
Log: Parsing FMXCommand_Wander_ZEDWars...
Log: Parsing FMXControlsContainer_Keybinding...
Log: Parsing FMXDecalManager...
Log: Parsing FMXDifficulty_Bloat_Legacy...
Log: Parsing FMXDifficulty_BloatKingSubspawn_Legacy...
Log: Parsing FMXDifficulty_ClotAlpha_Legacy...
Log: Parsing FMXDifficulty_ClotCyst_Legacy...
Log: Parsing FMXDifficulty_ClotSlasher_Legacy...
Log: Parsing FMXDifficulty_Fleshpound...
Log: Parsing FMXDifficulty_Hans_Legacy...
Log: Parsing FMXDifficulty_Scrake...
Log: Parsing FMXDifficulty_Siren_Legacy...
Log: Parsing FMXDroppedPickup_Cash...
Log: Parsing FMXDT_Ballistic_Assault_Medic_Legacy...
Log: Parsing FMXDT_Ballistic_DragonsBreath_Legacy...
Log: Parsing FMXDT_Ballistic_Hemogoblin_Legacy...
Log: Parsing FMXDT_Ballistic_NailShotgun_Legacy...
Log: Parsing FMXDT_Ballistic_SMG_Medic_Legacy...
Log: Parsing FMXDT_Ballistic_Stoner63A_Legacy...
Log: Parsing FMXDT_Explosive_HuskCannon_Legacy...
Log: Parsing FMXDT_Fire_DragonsBreathDoT_Legacy...
Log: Parsing FMXDT_Fire_FlareGun_Dual_Legacy...
Log: Parsing FMXDT_Fire_FlareGun_Legacy...
Log: Parsing FMXDT_Fire_FlareGunDoT_Legacy...
Log: Parsing FMXDT_Fire_Mac10_Legacy...
Log: Parsing FMXDT_Freeze_FreezeThrower_IceShards_Legacy...
Log: Parsing FMXDT_Freeze_Ground_FreezeThrower_Legacy...
Log: Parsing FMXDT_HeavyZedBump_Legacy...
Log: Parsing FMXDT_Toxic_BloatKingFart_Legacy...
Log: Parsing FMXEmit_ScriptedPath...
Log: Parsing FMXEphemeralMatchStats...
Log: Parsing FMXExplosion_AirborneAgent...
Log: Parsing FMXExplosion_BloatKingFart_Legacy...
Log: Parsing FMXExplosion_BloatKingSubspawn_Legacy...
Log: Parsing FMXExplosion_GroundIce_Legacy...
Log: Parsing FMXExplosion_Molotov_Legacy...
Log: Parsing TeamExplosionInterface...
Log: Parsing FMXExplosion_PlayerCrawlerSuicide_ZEDWars...
Log: Parsing FMXExplosionActorReplicated_ZEDWars...
Log: Parsing FMXFirstPersonCamera...
Log: Parsing FMXFreeCamera...
Log: Parsing FMXGameMessage...
Log: Parsing KFGRIAdditions...
Log: Parsing FMXGameReplicationInfo...
Log: Parsing FMXGameReplicationInfo_Endless...
Log: Parsing FMXGFxCollapsedObjectivesContainer...
Log: Parsing FMXGFxDailyObjectivesContainer...
Log: Parsing FMXGFxWorld_MedicOptics...
Log: Parsing FMXHTTPImageDownloader...
Log: Parsing FMXHUD_ScoreboardWidget...
Log: Parsing FMXHUD_WaveInfo...
Log: Parsing FMXHUD_WeaponSelectWidget...
Log: Parsing FMXHUDKillingFloor...
Log: Parsing FMXHUDManager...
Log: Parsing FMXHUDManager_MoreSlots...
Log: Parsing FMXHumanPawn...
Log: Parsing FMXInventory_Money...
Log: Parsing FMXInventoryManager...
Log: Parsing FMXLocalMessage...
Log: Parsing FMXMenu_Inventory...
Log: Parsing FMXMenu_Perks...
Log: Parsing FMXMenu_StartGame...
Log: Parsing FMXMenu_Trader...
Log: Parsing FMXMessageSpectator...
Log: Parsing FMXMoviePlayer_ScoreBoard...
Log: Parsing FMXObject_TraderItems...
Log: Parsing FMXOptionsMenu_Controls...
Log: Parsing FMXPawn_Customization...
Log: Parsing FMXPawn_ZedBloat_Legacy...
Log: Parsing FMXPawn_ZedBloat_Versus...
Log: Parsing ZEDWarsTeams...
Log: Parsing FMXPawn_ZedBloat_ZEDWars...
Log: Parsing FMXPawn_ZedBloatKing...
Log: Parsing FMXPawn_ZedBloatKing_Legacy...
Log: Parsing FMXPawn_ZedBloatKing_ZEDWars...
Log: Parsing FMXPawn_ZedBloatKingSubspawn...
Log: Parsing FMXPawn_ZedBloatKingSubspawn_Legacy...
Log: Parsing FMXPawn_ZedBloatKingSubspawn_ZEDWars...
Log: Parsing FMXPawn_ZedClot_Alpha_Legacy...
Log: Parsing FMXPawn_ZedClot_Alpha_Versus...
Log: Parsing FMXPawn_ZedClot_Alpha_ZEDWars...
Log: Parsing FMXPawn_ZedClot_AlphaKing...
Log: Parsing FMXPawn_ZedClot_AlphaKing_Legacy...
Log: Parsing FMXPawn_ZedClot_AlphaKing_Versus...
Log: Parsing FMXPawn_ZedClot_AlphaKing_ZEDWars...
Log: Parsing FMXPawn_ZedClot_Cyst_Legacy...
Log: Parsing FMXPawn_ZedClot_Cyst_ZEDWars...
Log: Parsing FMXPawn_ZedClot_Slasher_Legacy...
Log: Parsing FMXPawn_ZedClot_Slasher_Versus...
Log: Parsing FMXPawn_ZedClot_Slasher_ZEDWars...
Log: Parsing FMXPawn_ZedCrawler_Legacy...
Log: Parsing FMXPawn_ZedCrawler_Versus...
Log: Parsing FMXPawn_ZedCrawler_ZEDWars...
Log: Parsing FMXPawn_ZedCrawlerKing...
Log: Parsing FMXPawn_ZedCrawlerKing_ZEDWars...
Log: Parsing FMXPawn_ZedDAR_EMP...
Log: Parsing FMXPawn_ZedDAR_EMP_ZEDWars...
Log: Parsing FMXPawn_ZedDAR_Laser...
Log: Parsing FMXPawn_ZedDAR_Laser_ZEDWars...
Log: Parsing FMXPawn_ZedDAR_Rocket...
Log: Parsing FMXPawn_ZedDAR_Rocket_ZEDWars...
Log: Parsing FMXPawn_ZedFleshpound_Legacy...
Log: Parsing FMXPawn_ZedFleshpound_Versus...
Log: Parsing FMXPawn_ZedFleshpound_ZEDWars...
Log: Parsing FMXPawn_ZedFleshpoundAlpha_ZEDWars...
Log: Parsing FMXPawn_ZedFleshpoundKing...
Log: Parsing FMXPawn_ZedFleshpoundKing_Legacy...
Log: Parsing FMXPawn_ZedFleshpoundKing_ZEDWars...
Log: Parsing FMXPawn_ZedFleshpoundMini_Legacy...
Log: Parsing FMXPawn_ZedFleshpoundMini_Versus...
Log: Parsing FMXPawn_ZedFleshpoundMini_ZEDWars...
Log: Parsing FMXPawn_ZedGorefast_Versus...
Log: Parsing FMXPawn_ZedGorefast_ZEDWars...
Log: Parsing FMXPawn_ZedGorefastDualBlade_ZEDWars...
Log: Parsing SuperPawn_ZedHans...
Log: Parsing FMXPawn_ZedHans...
Log: Parsing FMXPawn_ZedHans_Default...
Log: Parsing FMXPawn_ZedHans_Legacy...
Log: Parsing FMXPawn_ZedHans_ZEDWars...
Log: Parsing FMXPawn_ZedHusk_Legacy...
Log: Parsing FMXPawn_ZedHusk_Versus...
Log: Parsing FMXPawn_ZedHusk_ZEDWars...
Log: Parsing SuperPawn_ZedMatriarch...
Log: Parsing FMXPawn_ZedMatriarch...
Log: Parsing FMXPawn_ZedMatriarch_Default...
Log: Parsing SuperPawn_ZedPatriarch...
Log: Parsing FMXPawn_ZedPatriarch...
Log: Parsing FMXPawn_ZedPatriarch_Default...
Log: Parsing FMXPawn_ZedPatriarch_Legacy...
Log: Parsing FMXPawn_ZedPatriarch_ZEDWars...
Log: Parsing FMXPawn_ZedScrake_Legacy...
Log: Parsing FMXPawn_ZedScrake_Versus...
Log: Parsing FMXPawn_ZedScrake_ZEDWars...
Log: Parsing FMXPawn_ZedScrakeAlpha...
Log: Parsing FMXPawn_ZedScrakeAlpha_ZEDWars...
Log: Parsing FMXPawn_ZedSiren_Legacy...
Log: Parsing FMXPawn_ZedSiren_Versus...
Log: Parsing FMXPawn_ZedSiren_ZEDWars...
Log: Parsing FMXPawn_ZedStalker_Legacy...
Log: Parsing FMXPawn_ZedStalker_Versus...
Log: Parsing FMXPawn_ZedStalker_ZEDWars...
Log: Parsing PerkProtectedBypass...
Log: Parsing FMXPerk_Berserker...
Log: Parsing FMXPerk_Berserker_Legacy...
Log: Parsing FMXPerk_Commando...
Log: Parsing FMXPerk_Commando_Legacy...
Log: Parsing FMXPerk_Demolitionist...
Log: Parsing FMXPerk_Demolitionist_Legacy...
Log: Parsing FMXPerk_FieldMedic...
Log: Parsing FMXPerk_FieldMedic_Legacy...
Log: Parsing FMXPerk_Firebug...
Log: Parsing FMXPerk_Firebug_Legacy...
Log: Parsing FMXPerk_Gunslinger...
Log: Parsing FMXPerk_Gunslinger_Legacy...
Log: Parsing FMXPerk_Sharpshooter...
Log: Parsing FMXPerk_Sharpshooter_Legacy...
Log: Parsing FMXPerk_Support...
Log: Parsing FMXPerk_Support_Legacy...
Log: Parsing FMXPerk_Survivalist...
Log: Parsing FMXPerk_Survivalist_Legacy...
Log: Parsing FMXPerk_Swat...
Log: Parsing FMXPerk_Swat_Legacy...
Log: Parsing FMXPerksContainer_Details...
Log: Parsing FMXPerksContainer_Header...
Log: Parsing FMXPerksContainer_Prestige...
Log: Parsing FMXPerksContainer_Selection...
Log: Parsing FMXPerksContainer_Skills...
Log: Parsing FMXPerksContainer_SkillsSummary...
Log: Parsing FMXPersonCameraMode...
Log: Parsing FMXPlayerCamera...
Log: Parsing FMXPlayerInput...
Log: Parsing FMXPlayerStat...
Log: Parsing FMXPopup_FriendsList...
Log: Parsing FMXProj_Blade_Eviscerator_Legacy...
Log: Parsing FMXProj_BloatKingPukeMine_Legacy...
Log: Parsing FMXProj_BloatPukeMine_Legacy...
Log: Parsing FMXProj_BloatPukeMine_Nightcore...
Log: Parsing FMXProj_Bullet_DragonsBreath_Legacy...
Log: Parsing FMXProj_Bullet_Mac10_Legacy...
Log: Parsing FMXProj_FlareGunSplash_Legacy...
Log: Parsing FMXProj_DragonsBreathSplash_Legacy...
Log: Parsing FMXProj_Explosive_HX25...
Log: Parsing FMXProj_Explosive_HX25_Legacy...
Log: Parsing FMXProj_FlameThrower_GroundFire_Legacy...
Log: Parsing FMXProj_FlareGun_Legacy...
Log: Parsing FMXProj_FreezeThrower_GroundIce_Legacy...
Log: Parsing FMXProj_HighExplosive_M16M203_Legacy...
Log: Parsing FMXProj_HighExplosive_M79_Legacy...
Log: Parsing FMXProj_HuskCannon_Fireball_Legacy...
Log: Parsing FMXProj_MicrowaveGun_GroundFire_Legacy...
Log: Parsing FMXProj_MolotovGrenade_Legacy...
Log: Parsing FMXProj_MolotovGrenade_Mini_Legacy...
Log: Parsing FMXProj_MolotovSplash_Legacy...
Log: Parsing FMXProj_Nail_Nailgun_Legacy...
Log: Parsing FMXProj_Rocket_RPG7_Legacy...
Log: Parsing FMXProj_Rocket_Seeker6_Legacy...
Log: Parsing FMXProj_Thrown_C4_Legacy...
Log: Parsing FMXProj_ZedSpawner...
Log: Parsing FMXReplicatedShowPathActor...
Log: Parsing FMXSM_BloatKing_Gorge...
Log: Parsing FMXSM_BloatKing_Gorge_Legacy...
Log: Parsing FMXSM_Fleshpound_Taunt...
Log: Parsing FMXSM_GrappleAttack_Hans...
Log: Parsing FMXSM_Husk_FireBallAttack_Nightcore...
Log: Parsing FMXSM_Siren_Scream_Legacy...
Log: Parsing FMXSM_Siren_Scream_ZEDWars...
Log: Parsing FMXStartContainer_InGameOverview...
Log: Parsing FMXTeamChatProxy...
Log: Parsing FMXTeamInfo_Minigame...
Log: Parsing FMXTraderContainer_GameInfo...
Log: Parsing FMXTraderContainer_ItemDetails...
Log: Parsing FMXTraderContainer_Store...
Log: Parsing FMXVoteCollector...
Log: Parsing FMXWeap_AssaultRifle_M16M203_Legacy...
Log: Parsing FMXWeap_AssaultRifle_Medic_Legacy...
Log: Parsing FMXWeap_Beam_Microwave_Legacy...
Log: Parsing FMXWeap_Blunt_MaceAndShield_Legacy...
Log: Parsing FMXWeap_Blunt_Pulverizer_Legacy...
Log: Parsing FMXWeap_Edged_Katana_Legacy...
Log: Parsing FMXWeap_Edged_Zweihander_Legacy...
Log: Parsing FMXWeap_Eviscerator_Legacy...
Log: Parsing FMXWeap_Flame_Flamethrower_Legacy...
Log: Parsing FMXWeap_GrenadeLauncher_HX25...
Log: Parsing FMXWeap_GrenadeLauncher_M79_Legacy...
Log: Parsing FMXWeap_Healer_Syringe...
Log: Parsing FMXWeap_HRG_EMP_ArcGenerator...
Log: Parsing FMXWeap_HuskCannon_Legacy...
Log: Parsing FMXWeap_Ice_FreezeThrower_Legacy...
Log: Parsing FMXWeap_LMG_Stoner63A_Legacy...
Log: Parsing FMXWeap_Pistol_9mm_Legacy...
Log: Parsing FMXWeap_Pistol_Dual9mm_Legacy...
Log: Parsing FMXWeap_Pistol_DualFlare_Legacy...
Log: Parsing FMXWeap_Pistol_Flare_Legacy...
Log: Parsing FMXWeap_Pistol_ZEDSpawner...
Log: Parsing FMXWeap_Revolver_DualSW500_Legacy...
Log: Parsing FMXWeap_Revolver_SW500_Legacy...
Log: Parsing FMXWeap_Rifle_CenterfireMB464_Legacy...
Log: Parsing FMXWeap_Rifle_Hemogoblin_Legacy...
Log: Parsing FMXWeap_Rifle_M14EBR_Legacy...
Log: Parsing FMXWeap_Rifle_RailGun_Legacy...
Log: Parsing FMXWeap_Rifle_Winchester1894_Legacy...
Log: Parsing FMXWeap_RocketLauncher_RPG7_Legacy...
Log: Parsing FMXWeap_RocketLauncher_Seeker6_Legacy...
Log: Parsing FMXWeap_Shotgun_DoubleBarrel_Legacy...
Log: Parsing FMXWeap_Shotgun_DragonsBreath_Legacy...
Log: Parsing FMXWeap_Shotgun_M4_Legacy...
Log: Parsing FMXWeap_Shotgun_Medic_Legacy...
Log: Parsing FMXWeap_Shotgun_Nailgun_Legacy...
Log: Parsing FMXWeap_SMG_Mac10_Legacy...
Log: Parsing FMXWeap_SMG_Medic_Legacy...
Log: Parsing FMXWeap_Thrown_C4_Legacy...
Log: Parsing FMXWeapDef_9mm_Legacy...
Log: Parsing FMXWeapDef_9mmDual_Legacy...
Log: Parsing FMXWeapDef_C4_Legacy...
Log: Parsing FMXWeapDef_CenterfireMB464_Legacy...
Log: Parsing FMXWeapDef_DoubleBarrel_Legacy...
Log: Parsing FMXWeapDef_Eviscerator_Legacy...
Log: Parsing FMXWeapDef_FlameThrower_Legacy...
Log: Parsing FMXWeapDef_FlareGun_Legacy...
Log: Parsing FMXWeapDef_FlareGunDual_Legacy...
Log: Parsing FMXWeapDef_FreezeThrower_Legacy...
Log: Parsing FMXWeapDef_Grenade_Firebug_Legacy...
Log: Parsing FMXWeapDef_Healer...
Log: Parsing FMXWeapDef_Hemogoblin_Legacy...
Log: Parsing FMXWeapDef_HK_UMP_Legacy...
Log: Parsing FMXWeapDef_HRG_EMP_ArcGenerator...
Log: Parsing FMXWeapDef_HuskCannon_Legacy...
Log: Parsing FMXWeapDef_HX25...
Log: Parsing FMXWeapDef_Katana_Legacy...
Log: Parsing FMXWeapDef_M14EBR_Legacy...
Log: Parsing FMXWeapDef_M16M203_Legacy...
Log: Parsing FMXWeapDef_M4_Legacy...
Log: Parsing FMXWeapDef_M79_Legacy...
Log: Parsing FMXWeapDef_Mac10_Legacy...
Log: Parsing FMXWeapDef_MaceAndShield_Legacy...
Log: Parsing FMXWeapDef_MedicRifle_Legacy...
Log: Parsing FMXWeapDef_MedicShotgun_Legacy...
Log: Parsing FMXWeapDef_MedicSMG_Legacy...
Log: Parsing FMXWeapDef_MicrowaveGun_Legacy...
Log: Parsing FMXWeapDef_MP5RAS_Legacy...
Log: Parsing FMXWeapDef_Nailgun_Legacy...
Log: Parsing FMXWeapDef_P90_Legacy...
Log: Parsing FMXWeapDef_Pulverizer_Legacy...
Log: Parsing FMXWeapDef_RailGun_Legacy...
Log: Parsing FMXWeapDef_RPG7_Legacy...
Log: Parsing FMXWeapDef_Seeker6_Legacy...
Log: Parsing FMXWeapDef_Stoner63A_Legacy...
Log: Parsing FMXWeapDef_SW500_Legacy...
Log: Parsing FMXWeapDef_SW500Dual_Legacy...
Log: Parsing FMXWeapDef_Winchester1894_Legacy...
Log: Parsing FMXWeapDef_Zweihander_Legacy...
Log: Parsing FMXWidget_BossHealthBar_TimeAttack...
Log: Parsing FMXWidget_InteractionMsg...
Log: Parsing FMXWidget_KickVote...
Log: Parsing FMXWidget_LevelUpNotification...
Log: Parsing FMXWidget_PartyInGame...
Log: Parsing FMXWidget_PartyInGame_MoreSlots...
Log: Parsing FMXWidget_PriorityMsg...
Log: Parsing FriendlyHUDReplicationInfo...
Log: Parsing FriendlyHUDCDCompatController...
Log: Parsing FriendlyHUDConfig...
Log: Parsing FriendlyHUDHelper...
Log: Parsing FriendlyHUDMutator...
Log: Parsing FriendlyHUDInteraction...
Log: Parsing GifHTTPImageDownloader...
Log: Parsing Grim_Reaper...
Log: Parsing ImageCache...
Log: Parsing KFGUI_TextField...
Log: Parsing HealProj...
Log: Parsing HTTPLink...
Log: Parsing ItemReplicationInfo...
Log: Parsing KF1_HUDWrapper...
Log: Parsing KF1_HUDWrapper_Versus...
Log: Parsing KF1_ScoreboardWidget...
Log: Parsing KF1_Versus_ScoreBoard...
Log: Parsing KF1HUD_BossHealthBar...
Log: Parsing KF1HUD_ChatBoxWidget...
Log: Parsing KF1HUD_MusicNotification...
Log: Parsing KF1HUD_PlayerBackpack...
Log: Parsing KF1HUD_PlayerMoveList...
Log: Parsing KF1HUD_PlayerStatus...
Log: Parsing KF1HUD_SpectatorInfo...
Log: Parsing KF1HUD_WeaponSelectWidget...
Log: Parsing KF1Menu_PostGameReport...
Log: Parsing KF1PostGameContainer_PlayerStats...
Log: Parsing KF2GUIController...
Log: Parsing KF2GUIInput...
Log: Parsing KFAIController_SuperHans...
Log: Parsing KFDT_Shock_Projectile...
Log: Parsing KFDT_Slashing_SuperHans...
Log: Parsing KFEventHelper...
Log: Parsing KFGUI_BasePanel...
Log: Parsing KFGUI_Clickable...
Log: Parsing KFGUI_Button...
Log: Parsing KFGUI_CategoryButton...
Log: Parsing KFGUI_List...
Log: Parsing KFGUI_ComponentList...
Log: Parsing KFGUI_CategoryList...
Log: Parsing KFGUI_EditControl...
Log: Parsing KFGUI_CheckBox...
Log: Parsing KFGUI_ColorSlider...
Log: Parsing KFGUI_ColumnList...
Log: Parsing KFGUI_ColumnTop...
Log: Parsing KFGUI_ComboBox...
Log: Parsing KFGUI_ComboSelector...
Log: Parsing KFGUI_EditBox...
Log: Parsing KFGUI_FloatingWindowHeader...
Log: Parsing KFGUI_Frame...
Log: Parsing KFGUI_Image...
Log: Parsing KFGUI_ImageButton...
Log: Parsing KFGUI_ListHorz...
Log: Parsing KFGUI_ListItem...
Log: Parsing KFGUI_NumSlider...
Log: Parsing KFGUI_ProgressBar...
Log: Parsing KFGUI_RightClickMenu...
Log: Parsing KFGUI_ScrollBarBase...
Log: Parsing KFGUI_ScrollbarGrip...
Log: Parsing KFGUI_ScrollBarH...
Log: Parsing KFGUI_ScrollBarV...
Log: Parsing KFGUI_Slider...
Log: Parsing KFGUI_SwitchComponent...
Log: Parsing KFGUI_SwitchMenuBar...
Log: Parsing KFGUI_SwitchMenuButton...
Log: Parsing KFGUI_TextLable...
Log: Parsing KFGUI_Tooltip...
Log: Parsing KFGUIConsoleHack...
Log: Parsing KFMapObjective_KingOfTheHill...
Log: Parsing MusicInfoObject...
Log: Parsing KFMusicManager...
Log: Parsing KFMusicTrackInfo_Custom...
Log: Parsing KFPawn_ZedGorefastDualBlade_Versus...
Log: Parsing KFProj_SuperHansNerveGasGrenade...
Log: Parsing KFProj_SuperHansNerveGasGrenade_Halloween...
Log: Parsing KFSaveDataBase...
Log: Parsing KFScoreBoard...
Log: Parsing KFSM_PlayerFleshpoundMini_Rage...
Log: Parsing KFSM_PlayerGorefiend_Melee...
Log: Parsing KFSM_PlayerGorefiend_Melee2...
Log: Parsing KFSM_PlayerGorefiend_Melee3...
Log: Parsing KFSM_SuperMatriarch_WarningSiren...
Log: Parsing KFSM_SuperPat_MinigunBarrage...
Log: Parsing KFWeap_AssaultRifle_DualMKb42_SuperHans...
Log: Parsing KFZEDHelper...
Log: Parsing KFZedScentTrail...
Log: Parsing KickVoteCommand...
Log: Parsing KOHInteraction...
Log: Parsing KOHReplication...
Log: Parsing MapTimeInfo...
Log: Parsing NetEmitterFX...
Log: Parsing NetBoneEmitterFX...
Log: Parsing OverlevelPerk...
Log: Parsing PlayerTicker...
Log: Parsing RadarOverlay...
Log: Parsing ReaperCampWatch...
Log: Parsing ReplicatedViewModel...
Log: Parsing SeasonalObjectiveStats...
Log: Parsing ShockProj...
Log: Parsing SlotInteraction...
Log: Parsing SlotsMachine...
Log: Parsing SpectatorObject...
Log: Parsing SpectatorFlame...
Log: Parsing SpectatorUFO...
Log: Parsing SteamWorksInterface...
Log: Parsing SuperWebAdmin_UI...
Log: Parsing TrueEndlessInteraction...
Log: Parsing TimeAttackInteraction...
Log: Parsing TrueEndlessReplication...
Log: Parsing TimeAttackReplication...
Log: Parsing TournamentInteraction...
Log: Parsing TournamentTracker...
Log: Parsing UI_AchievementList...
Log: Parsing UI_Console...
Log: Parsing UIR_ChatBox...
Log: Parsing UI_MainChatBox...
Log: Parsing UI_ConsoleMenu...
Log: Parsing UI_LobbyChatBox...
Log: Parsing UI_NotifyDisconnect...
Log: Parsing UI_NotifySure...
Log: Parsing UI_PlayerSpecs...
Log: Parsing UI_PopupMessage...
Log: Parsing UI_TeamAwards...
Log: Parsing UIP_MapVote...
Log: Parsing UIP_TeamAwards...
Log: Parsing UIP_MidGameStats...
Log: Parsing UIP_PlayerSpecs...
Log: Parsing UIR_ChatBoxEmotes...
Log: Parsing UIR_ChatBoxSettings...
Log: Parsing UIR_ChatCommands...
Log: Parsing UIR_ConsoleAutoCompleteList...
Log: Parsing UIR_ConsoleEditBox...
Log: Parsing UIR_SparesInventoryItem...
Log: Parsing UMCompatInteraction...
Log: Parsing UnrealDebugger...
Log: Parsing VoteCommander...
Log: Parsing VoteManager...
Log: Parsing WMAICommand_HuskOmegaFireBallBarrageAttack...
Log: Parsing WMAIController_ZedFleshpound_Predator...
Log: Parsing WMAIController_ZedGorefast_Omega...
Log: Parsing WMAIController_ZedHusk_Omega...
Log: Parsing WMDifficulty_Crawler_Big...
Log: Parsing WMDifficulty_Gorefast_Omega...
Log: Parsing WMPawn_ZedHusk_NoDAR...
Log: Parsing WMDifficulty_Husk_Omega...
Log: Parsing WMDifficulty_Scrake_Emperor...
Log: Parsing WMDifficulty_Siren_Omega...
Log: Parsing WMDifficulty_Stalker_Omega...
Log: Parsing WMDT_Explosive_Virus...
Log: Parsing WMExplosion_TinyHusk...
Log: Parsing WMExplosion_Virus...
Log: Parsing WMFX_Base...
Log: Parsing WMFX_Phoenix...
Log: Parsing WMFX_PhoenixB...
Log: Parsing WMPawn_OmegaConstants...
Log: Parsing WMPawn_ZedBloatKing...
Log: Parsing WMPawn_ZedClot_Alpha_NoRiot...
Log: Parsing WMPawn_ZedClot_Slasher_Omega...
Log: Parsing WMPawn_ZedCrawler_NoElite...
Log: Parsing WMPawn_ZedCrawler_Big...
Log: Parsing WMPawn_ZedCrawler_Huge...
Log: Parsing WMPawn_ZedCrawler_Medium...
Log: Parsing WMPawn_ZedCrawler_Mini...
Log: Parsing WMPawn_ZedCrawler_Ultra...
Log: Parsing WMPawn_ZedFleshpound_Omega...
Log: Parsing WMPawn_ZedFleshpound_Predator...
Log: Parsing WMPawn_ZedFleshpoundKing...
Log: Parsing WMPawn_ZedGorefast_NoDualBlade...
Log: Parsing WMPawn_ZedGorefast_Omega...
Log: Parsing WMPawn_ZedHusk_Omega...
Log: Parsing WMPawn_ZedHusk_Tiny...
Log: Parsing WMPawn_ZedHusk_Tiny_Blue...
Log: Parsing WMPawn_ZedHusk_Tiny_Green...
Log: Parsing WMPawn_ZedHusk_Tiny_Pink...
Log: Parsing WMPawn_ZedScrake_Emperor...
Log: Parsing WMPawn_ZedScrake_Omega...
Log: Parsing WMPawn_ZedScrake_Tiny...
Log: Parsing WMPawn_ZedSiren_Omega...
Log: Parsing WMPawn_ZedStalker_NoDAR...
Log: Parsing WMPawn_ZedStalker_Omega...
Log: Parsing WMPerk_Timers...
Log: Parsing WMProj_Husk_Fireball_Suicide...
Log: Parsing WMSM_Husk_Omega_FireBallBarrageAttack...
Log: Parsing WMSpecialWave...
Log: Parsing WMSpecialWave_Acceleration...
Log: Parsing WMSpecialWave_BackupPlan...
Log: Parsing WMSpecialWave_BloodyChainsaw...
Log: Parsing WMSpecialWave_BobbleZed...
Log: Parsing WMSpecialWave_BuffUp...
Log: Parsing WMSpecialWave_CatchMe...
Log: Parsing WMSpecialWave_Chaos...
Log: Parsing WMSpecialWave_ClotBuster...
Log: Parsing WMSpecialWave_Division...
Log: Parsing WMSpecialWave_Dosh...
Log: Parsing WMSpecialWave_DoubleDamage...
Log: Parsing WMSpecialWave_Earthquake...
Log: Parsing WMSpecialWave_Earthquake_Helper...
Log: Parsing WMSpecialWave_Emperor...
Log: Parsing WMSpecialWave_Featherweight...
Log: Parsing WMSpecialWave_Fireworks...
Log: Parsing WMSpecialWave_FiveAlarmSiren...
Log: Parsing WMSpecialWave_GiftFromAbove...
Log: Parsing WMSpecialWave_GodMode...
Log: Parsing WMSpecialWave_GoredFast...
Log: Parsing WMSpecialWave_Haemorrhage...
Log: Parsing WMSpecialWave_HellFire...
Log: Parsing WMSpecialWave_InstaKill...
Log: Parsing WMSpecialWave_Lethargic...
Log: Parsing WMSpecialWave_Locked...
Log: Parsing WMSpecialWave_MechanicalProblem...
Log: Parsing WMSpecialWave_Pesticide...
Log: Parsing WMSpecialWave_Phoenix...
Log: Parsing WMSpecialWave_Pop...
Log: Parsing WMSpecialWave_Popcorn...
Log: Parsing WMSpecialWave_Poundamonium...
Log: Parsing WMSpecialWave_Predator...
Log: Parsing WMSpecialWave_PurpleAlert...
Log: Parsing WMSpecialWave_Regeneration...
Log: Parsing WMSpecialWave_Shrink...
Log: Parsing WMSpecialWave_TheHorde...
Log: Parsing WMSpecialWave_TinyTerror...
Log: Parsing WMSpecialWave_Titans...
Log: Parsing WMSpecialWave_ToxicNightmare...
Log: Parsing WMSpecialWave_UnlimitedAmmo...
Log: Parsing WMSpecialWave_UpUpDecay...
Log: Parsing WMSpecialWave_Vampire...
Log: Parsing WMSpecialWave_Virus...
Log: Parsing WMZedBuff...
Log: Parsing WMZedBuff_Beefcake...
Log: Parsing WMZedBuff_Clot_Stronger...
Log: Parsing WMZedBuff_Crawler_Faster...
Log: Parsing WMZedBuff_Crawler_Health...
Log: Parsing WMZedBuff_Damage...
Log: Parsing WMZedBuff_Damage_II...
Log: Parsing WMZedBuff_Fleshpound_Stronger...
Log: Parsing WMZedBuff_Gorefast_Damage...
Log: Parsing WMZedBuff_Gorefast_Enraged...
Log: Parsing WMZedBuff_Health...
Log: Parsing WMZedBuff_Health_II...
Log: Parsing WMZedBuff_Hostility...
Log: Parsing WMZedBuff_Husk_SuicideRate...
Log: Parsing WMZedBuff_PukeMine...
Log: Parsing WMZedBuff_Scrake_Enraged...
Log: Parsing WMZedBuff_Siren_Heal...
Log: Parsing WMZedBuff_Siren_Heal_Helper...
Log: Parsing WMZedBuff_Siren_ScreamRate...
Log: Parsing WMZedBuff_Slasher_Enraged...
Log: Parsing WMZedBuff_SpawnRate...
Log: Parsing WMZedBuff_Speed...
Log: Parsing WMZedBuff_Speed_II...
Log: Parsing WMZedBuff_Stalker_Faster...
Log: Parsing xUI_MapRank...
Log: Parsing xUI_PostGameReport...
Log: Parsing xVotingHandlerBase...
Log: Parsing xVotingReplication...
Log: Parsing ZedternalInteraction...
Log: Parsing ZedternalReplicationInfo...
Log: Parsing ZEDWarsInteraction...
Log: Parsing ZEDWarsReplication...
Log: Compiling AchievementInfo...
Log: Compiling AchievmentInfoData...
Log: Compiling ArmsRaceInteraction...
DevLoad: 72629.0ms Loading: Package UI_TraderMenu_TEX (C:\Pelit\Steam\steamapps\common\killingfloor2\KFGame\BrewedPC\Packages\UserInterface\Menus\UI_TraderMenu_TEX.upk - 577833 bytes)
Log: Compiling ArmsRaceReplication...
Log: Compiling AvatarImageDownloader...
Log: Compiling BackPackComponent...
Log: Compiling BaseMinigameGlobalReplicationInfo...
Log: Compiling BaseMinigameInteraction...
Log: Compiling BaseMinigameReplicationInfo...
Log: Compiling BaseVoteCommand...
Log: Compiling BossHealInterface...
Log: Compiling ClassicKFHUD...
DevLoad: 82950.0ms Loading: Package WW_UI_Menu (C:\Pelit\Steam\steamapps\common\killingfloor2\KFGame\BrewedPC\Packages\Audio\SFX\WW_UI_Menu.upk - 26957 bytes)
Log: Compiling ClassicStyle...
Log: Compiling ConfigHelper...
Log: Compiling CustomGfxInterface...
Log: Compiling CVSM_AINoTaunt...
Log: Compiling CVSM_PlayerAlpha_Rally...
Log: Compiling DebugCameraActor...
Log: Compiling DebugReplicationInfo...
Log: Compiling DroppedPickupColors...
Log: Compiling DrunkClient...
Log: Compiling ExtDroppedPickup...
Log: Compiling ExtHeadShotEffectList...
Log: Compiling ExtPlayerReplicationInfo...
Log: Compiling ExtSpawnPointHelper...
Log: Compiling FirstPersonBody...
Log: Compiling FMX_ColorSettings...
Log: Compiling FMX_FHUDColorSettings...
Log: Compiling FMX_FHUDSettings...
Log: Compiling FMX_ForceMapMenu...
Log: Compiling FMX_GoreSettings...
Log: Compiling FMX_LobbyMenu...
Log: Compiling FMX_MidGameMenu...
Log: Compiling FMX_NotifyForceMap...
Log: Compiling FMX_NotifyModded...
Log: Compiling FMX_RefillStation...
Log: Compiling FMX_Settings...
Log: Compiling FMXAffliction_Fire...
Log: Compiling FMXAffliction_Fire_Patriarch...
Log: Compiling FMXAffliction_Fire_ZEDWars...
Log: Compiling FMXAfflictionManager...
Log: Compiling FMXAfflictionManager_ZEDWars...
Log: Compiling FMXAIController_Hans...
Log: Compiling FMXAIController_Hans_ZEDWars...
Log: Compiling FMXAIController_ZedBloat...
Log: Compiling FMXAIController_ZedBloat_ZEDWars...
Log: Compiling FMXAIController_ZedBloatKing...
Log: Compiling FMXAIController_ZedBloatKing_Legacy...
Log: Compiling FMXAIController_ZedBloatKing_ZEDWars...
Log: Compiling FMXAIController_ZedBloatKingSubspawn...
Log: Compiling FMXAIController_ZedBloatKingSubspawn_Legacy...
Log: Compiling FMXAIController_ZedBloatKingSubspawn_ZEDWars...
Log: Compiling FMXAIController_ZedClot_Alpha...
Log: Compiling FMXAIController_ZedClot_Alpha_ZEDWars...
Log: Compiling FMXAIController_ZedClot_AlphaKing...
Log: Compiling FMXAIController_ZedClot_AlphaKing_Legacy...
Log: Compiling FMXAIController_ZedClot_AlphaKing_ZEDWars...
Log: Compiling FMXAIController_ZedClot_Cyst...
Log: Compiling FMXAIController_ZedClot_Cyst_ZEDWars...
Log: Compiling FMXAIController_ZedClot_Slasher...
Log: Compiling FMXAIController_ZedClot_Slasher_ZEDWars...
Log: Compiling FMXAIController_ZedCrawler...
Log: Compiling FMXAIController_ZedCrawler_ZEDWars...
Log: Compiling FMXAIController_ZedCrawlerKing...
Log: Compiling FMXAIController_ZedCrawlerKing_ZEDWars...
Log: Compiling FMXAIController_ZedDAR_EMP...
Log: Compiling FMXAIController_ZedDAR_EMP_ZEDWars...
Log: Compiling FMXAIController_ZedDAR_Laser...
Log: Compiling FMXAIController_ZedDAR_Laser_ZEDWars...
Log: Compiling FMXAIController_ZedDAR_Rocket...
Log: Compiling FMXAIController_ZedDAR_Rocket_ZEDWars...
Log: Compiling FMXAIController_ZedFleshpound...
Log: Compiling FMXAIController_ZedFleshpound_Nightcore...
Log: Compiling FMXAIController_ZedFleshpound_NRS...
Log: Compiling FMXAIController_ZedFleshpound_ZEDWars...
Log: Compiling FMXAIController_ZedFleshpoundKing...
Log: Compiling FMXAIController_ZedGorefast...
Log: Compiling FMXAIController_ZedGorefast_ZEDWars...
Log: Compiling FMXAIController_ZedGorefastDualBlade...
Log: Compiling FMXAIController_ZedGorefastDualBlade_ZEDWars...
Log: Compiling FMXAIController_ZedHusk...
Log: Compiling FMXAIController_ZedHusk_ZEDWars...
Log: Compiling FMXAIController_ZedPatriarch...
Log: Compiling FMXAIController_ZedPatriarch_Legacy...
Log: Compiling FMXAIController_ZedPatriarch_ZEDWars...
Log: Compiling FMXAIController_ZedScrake...
Log: Compiling FMXAIController_ZedScrake_Nightcore...
Log: Compiling FMXAIController_ZedScrake_ZEDWars...
Log: Compiling FMXAIController_ZedSiren...
Log: Compiling FMXAIController_ZedSiren_ZEDWars...
Log: Compiling FMXAIController_ZedStalker...
Log: Compiling FMXAIController_ZedStalker_ZEDWars...
Log: Compiling FMXAIPluginRage_Fleshpound...
Log: Compiling FMXAutoPurchaseHelper...
Log: Compiling FMXCD_AIController_Bloat_Nightcore...
Log: Compiling FMXCD_AIController_ClotAlpha_Nightcore...
Log: Compiling FMXCD_AIController_ClotCyst_Nightcore...
Log: Compiling FMXCD_AIController_ClotSlasher_Nightcore...
Log: Compiling FMXCD_AIController_Crawler_Nightcore...
Log: Compiling FMXCD_AIController_FP_RS...
Log: Compiling FMXCD_AIController_Gorefast_Harder...
Log: Compiling FMXCD_AIController_Gorefast_Nightcore...
Log: Compiling FMXCD_AIController_Husk_Harder...
Log: Compiling FMXCD_AIController_Husk_Nightcore...
Log: Compiling FMXCD_AIController_Siren_Harder...
Log: Compiling FMXCD_AIController_Siren_Nightcore...
Log: Compiling FMXCD_AIController_Stalker_Nightcore...
Log: Compiling FMXCD_AIController_ZedGorefastDualBlade_Harder...
Log: Compiling FMXCD_DS_Siren_Harder...
Log: Compiling FMXCD_Pawn_ZedAlphaFleshpound_RS...
Log: Compiling FMXCD_Pawn_ZedBloat_Harder...
Log: Compiling FMXCD_Pawn_ZedBloat_Nightcore...
Log: Compiling FMXCD_Pawn_ZedClot_Alpha_Harder...
Log: Compiling FMXCD_Pawn_ZedClot_Alpha_Nightcore...
Log: Compiling FMXCD_Pawn_ZedClot_Cyst_Harder...
Log: Compiling FMXCD_Pawn_ZedClot_Cyst_Nightcore...
Log: Compiling FMXCD_Pawn_ZedClot_Slasher_Harder...
Log: Compiling FMXCD_Pawn_ZedClot_Slasher_Nightcore...
Log: Compiling FMXCD_Pawn_ZedCrawler_Harder...
Log: Compiling FMXCD_Pawn_ZedCrawler_Nightcore...
Log: Compiling FMXCD_Pawn_ZedFleshpound_NRS_Harder...
Log: Compiling FMXCD_Pawn_ZedFleshpound_NRS_Nightcore...
Log: Compiling FMXCD_Pawn_ZedFleshpound_RS...
Log: Compiling FMXCD_Pawn_ZedFleshpoundMini_Harder...
Log: Compiling FMXCD_Pawn_ZedFleshpoundMini_RS...
Log: Compiling FMXCD_Pawn_ZedGorefast_Harder...
Log: Compiling FMXCD_Pawn_ZedGorefast_Nightcore...
Log: Compiling FMXCD_Pawn_ZedGorefast_Special_Harder...
Log: Compiling FMXCD_Pawn_ZedHusk_Harder...
Log: Compiling FMXCD_Pawn_ZedHusk_Nightcore...
Log: Compiling FMXCD_Pawn_ZedScrake_Harder...
Log: Compiling FMXCD_Pawn_ZedScrake_Nightcore...
Log: Compiling FMXCD_Pawn_ZedSiren_Harder...
Log: Compiling FMXCD_Pawn_ZedSiren_Nightcore...
Log: Compiling FMXCD_Pawn_ZedStalker_Nightcore...
Log: Compiling FMXCD_Proj_Husk_Fireball_Harder...
Log: Compiling FMXCD_SM_Siren_Scream_Harder...
Log: Compiling FMXCharacterInfo...
Log: Compiling FMXCheatManager...
Log: Compiling FMXCommand_Wander_ZEDWars...
Log: Compiling FMXControlsContainer_Keybinding...
Log: Compiling FMXDecalManager...
Log: Compiling FMXDifficulty_Bloat_Legacy...
Log: Compiling FMXDifficulty_BloatKingSubspawn_Legacy...
Log: Compiling FMXDifficulty_ClotAlpha_Legacy...
Log: Compiling FMXDifficulty_ClotCyst_Legacy...
Log: Compiling FMXDifficulty_ClotSlasher_Legacy...
Log: Compiling FMXDifficulty_Fleshpound...
Log: Compiling FMXDifficulty_Hans_Legacy...
Log: Compiling FMXDifficulty_Scrake...
Log: Compiling FMXDifficulty_Siren_Legacy...
Log: Compiling FMXDroppedPickup_Cash...
Log: Compiling FMXDT_Ballistic_Assault_Medic_Legacy...
Log: Compiling FMXDT_Ballistic_DragonsBreath_Legacy...
Log: Compiling FMXDT_Ballistic_Hemogoblin_Legacy...
Log: Compiling FMXDT_Ballistic_NailShotgun_Legacy...
Log: Compiling FMXDT_Ballistic_SMG_Medic_Legacy...
Log: Compiling FMXDT_Ballistic_Stoner63A_Legacy...
Log: Compiling FMXDT_Explosive_HuskCannon_Legacy...
Log: Compiling FMXDT_Fire_DragonsBreathDoT_Legacy...
Log: Compiling FMXDT_Fire_FlareGun_Dual_Legacy...
Log: Compiling FMXDT_Fire_FlareGun_Legacy...
Log: Compiling FMXDT_Fire_FlareGunDoT_Legacy...
Log: Compiling FMXDT_Fire_Mac10_Legacy...
Log: Compiling FMXDT_Freeze_FreezeThrower_IceShards_Legacy...
Log: Compiling FMXDT_Freeze_Ground_FreezeThrower_Legacy...
Log: Compiling FMXDT_HeavyZedBump_Legacy...
Log: Compiling FMXDT_Toxic_BloatKingFart_Legacy...
Log: Compiling FMXEmit_ScriptedPath...
Log: Compiling FMXEphemeralMatchStats...
Log: Compiling FMXExplosion_AirborneAgent...
Log: Compiling FMXExplosion_BloatKingFart_Legacy...
Log: Compiling FMXExplosion_BloatKingSubspawn_Legacy...
Log: Compiling FMXExplosion_GroundIce_Legacy...
Log: Compiling FMXExplosion_Molotov_Legacy...
Log: Compiling FMXExplosion_PlayerCrawlerSuicide_ZEDWars...
Log: Compiling FMXExplosionActorReplicated_ZEDWars...
Log: Compiling FMXFirstPersonCamera...
Log: Compiling FMXFreeCamera...
Log: Compiling FMXGameMessage...
Log: Compiling FMXGameReplicationInfo...
Log: Compiling FMXGameReplicationInfo_Endless...
Log: Compiling FMXGFxCollapsedObjectivesContainer...
Log: Compiling FMXGFxDailyObjectivesContainer...
Log: Compiling FMXGFxWorld_MedicOptics...
Log: Compiling FMXHTTPImageDownloader...
Log: Compiling FMXHUD_ScoreboardWidget...
Log: Compiling FMXHUD_WaveInfo...
Log: Compiling FMXHUD_WeaponSelectWidget...
Log: Compiling FMXHUDKillingFloor...
DevLoad: 126761.0ms Loading: Package WW_WEP_SA_CompoundBow (C:\Pelit\Steam\steamapps\common\killingfloor2\KFGame\BrewedPC\Packages\Audio\SFX\WW_WEP_SA_CompoundBow.upk - 6613 bytes)
Warning: Src\ZEDModifications\Classes\FMXHUDKillingFloor.uc(2224) : Warning, Unresolved reference to Texture2D 'KFModifications_HUD.Compact.Center'
Warning: Src\ZEDModifications\Classes\FMXHUDKillingFloor.uc(2451) : Warning, Unresolved reference to Texture2D 'KFModifications_HUD.Compact.HUD_Syring'
DevLoad: 130596.0ms Loading: Package ui_firemodes_tex (C:\Pelit\Steam\steamapps\common\killingfloor2\KFGame\BrewedPC\Packages\UserInterface\Weapon_Type\UI_FireModes_TEX.upk - 867105 bytes)
DevLoad: 132786.0ms Loading: Package VFX_TEX (C:\Pelit\Steam\steamapps\common\killingfloor2\KFGame\BrewedPC\Packages\Effects\VFX_TEX.upk - 37236596 bytes)
Log: Compiling FMXHUDManager...
Log: Compiling FMXHUDManager_MoreSlots...
Log: Compiling FMXHumanPawn...
Log: Compiling FMXInventory_Money...
Log: Compiling FMXInventoryManager...
Log: Compiling FMXLocalMessage...
Log: Compiling FMXMenu_Inventory...
Log: Compiling FMXMenu_Perks...
Log: Compiling FMXMenu_StartGame...
Log: Compiling FMXMenu_Trader...
Log: Compiling FMXMessageSpectator...
Log: Compiling FMXMoviePlayer_ScoreBoard...
Log: Compiling FMXObject_TraderItems...
Log: Compiling FMXOptionsMenu_Controls...
Log: Compiling FMXPawn_Customization...
Log: Compiling FMXPawn_ZedBloat...
Log: Compiling FMXPawn_ZedBloat_Legacy...
Log: Compiling FMXPawn_ZedBloat_Versus...
Log: Compiling FMXPawn_ZedBloat_ZEDWars...
Log: Compiling FMXPawn_ZedBloatKing...
Log: Compiling FMXPawn_ZedBloatKing_Legacy...
Log: Compiling FMXPawn_ZedBloatKing_ZEDWars...
DevLoad: 148509.0ms Loading: Package ZED_ARCH (C:\Pelit\Steam\steamapps\common\killingfloor2\KFGame\BrewedPC\Packages\ZEDs\ZED_ARCH.upk - 461790 bytes)
Log: Compiling FMXPawn_ZedBloatKingSubspawn...
Log: Compiling FMXPawn_ZedBloatKingSubspawn_Legacy...
Log: Compiling FMXPawn_ZedBloatKingSubspawn_ZEDWars...
Log: Compiling FMXPawn_ZedClot_Alpha...
Log: Compiling FMXPawn_ZedClot_Alpha_Legacy...
Log: Compiling FMXPawn_ZedClot_Alpha_Versus...
Log: Compiling FMXPawn_ZedClot_Alpha_ZEDWars...
Log: Compiling FMXPawn_ZedClot_AlphaKing...
Log: Compiling FMXPawn_ZedClot_AlphaKing_Legacy...
Log: Compiling FMXPawn_ZedClot_AlphaKing_Versus...
Log: Compiling FMXPawn_ZedClot_AlphaKing_ZEDWars...
Log: Compiling FMXPawn_ZedClot_Cyst...
Log: Compiling FMXPawn_ZedClot_Cyst_Legacy...
Log: Compiling FMXPawn_ZedClot_Cyst_ZEDWars...
Log: Compiling FMXPawn_ZedClot_Slasher...
Log: Compiling FMXPawn_ZedClot_Slasher_Legacy...
Log: Compiling FMXPawn_ZedClot_Slasher_Versus...
Log: Compiling FMXPawn_ZedClot_Slasher_ZEDWars...
Log: Compiling FMXPawn_ZedCrawler...
Log: Compiling FMXPawn_ZedCrawler_Legacy...
Log: Compiling FMXPawn_ZedCrawler_Versus...
Log: Compiling FMXPawn_ZedCrawler_ZEDWars...
Log: Compiling FMXPawn_ZedCrawlerKing...
Log: Compiling FMXPawn_ZedCrawlerKing_ZEDWars...
Log: Compiling FMXPawn_ZedDAR_EMP...
Log: Compiling FMXPawn_ZedDAR_EMP_ZEDWars...
Log: Compiling FMXPawn_ZedDAR_Laser...
Log: Compiling FMXPawn_ZedDAR_Laser_ZEDWars...
Log: Compiling FMXPawn_ZedDAR_Rocket...
Log: Compiling FMXPawn_ZedDAR_Rocket_ZEDWars...
Log: Compiling FMXPawn_ZedFleshpound...
Log: Compiling FMXPawn_ZedFleshpound_Legacy...
Log: Compiling FMXPawn_ZedFleshpound_Versus...
Log: Compiling FMXPawn_ZedFleshpound_ZEDWars...
Log: Compiling FMXPawn_ZedFleshpoundAlpha...
DevLoad: 158155.0ms Loading: Package zed_fleshpound_king_mesh (C:\Pelit\Steam\steamapps\common\killingfloor2\KFGame\BrewedPC\Packages\ZEDs\Fleshpound\ZED_Fleshpound_King_MESH.upk - 394668 bytes)
DevLoad: 158172.0ms Loading: Package ZED_Fleshpound_MAT (C:\Pelit\Steam\steamapps\common\killingfloor2\KFGame\BrewedPC\Packages\ZEDs\Fleshpound\ZED_Fleshpound_MAT.upk - 1369825 bytes)
Log: Compiling FMXPawn_ZedFleshpoundAlpha_ZEDWars...
Log: Compiling FMXPawn_ZedFleshpoundKing...
Log: Compiling FMXPawn_ZedFleshpoundKing_Legacy...
Log: Compiling FMXPawn_ZedFleshpoundKing_ZEDWars...
Log: Compiling FMXPawn_ZedFleshpoundMini...
Log: Compiling FMXPawn_ZedFleshpoundMini_Legacy...
Log: Compiling FMXPawn_ZedFleshpoundMini_Versus...
DevLoad: 159575.0ms Loading: Package ZED_Fleshpound_TEX (C:\Pelit\Steam\steamapps\common\killingfloor2\KFGame\BrewedPC\Packages\ZEDs\Fleshpound\ZED_Fleshpound_TEX.upk - 192313036 bytes)
Log: Compiling FMXPawn_ZedFleshpoundMini_ZEDWars...
Log: Compiling FMXPawn_ZedGorefast...
Log: Compiling FMXPawn_ZedGorefast_Versus...
Log: Compiling FMXPawn_ZedGorefast_ZEDWars...
Log: Compiling FMXPawn_ZedGorefastDualBlade...
Log: Compiling FMXPawn_ZedGorefastDualBlade_ZEDWars...
Log: Compiling FMXPawn_ZedHans...
Log: Compiling FMXPawn_ZedHans_Default...
Log: Compiling FMXPawn_ZedHans_Legacy...
Log: Compiling FMXPawn_ZedHans_ZEDWars...
Log: Compiling FMXPawn_ZedHusk...
Log: Compiling FMXPawn_ZedHusk_Legacy...
Log: Compiling FMXPawn_ZedHusk_Versus...
Log: Compiling FMXPawn_ZedHusk_ZEDWars...
Log: Compiling FMXPawn_ZedMatriarch...
Log: Compiling FMXPawn_ZedMatriarch_Default...
Log: Compiling FMXPawn_ZedPatriarch...
Log: Compiling FMXPawn_ZedPatriarch_Default...
Log: Compiling FMXPawn_ZedPatriarch_Legacy...
Log: Compiling FMXPawn_ZedPatriarch_ZEDWars...
Log: Compiling FMXPawn_ZedScrake...
Log: Compiling FMXPawn_ZedScrake_Legacy...
Log: Compiling FMXPawn_ZedScrake_Versus...
Log: Compiling FMXPawn_ZedScrake_ZEDWars...
Log: Compiling FMXPawn_ZedScrakeAlpha...
Log: Compiling FMXPawn_ZedScrakeAlpha_ZEDWars...
Log: Compiling FMXPawn_ZedSiren...
Log: Compiling FMXPawn_ZedSiren_Legacy...
Log: Compiling FMXPawn_ZedSiren_Versus...
Log: Compiling FMXPawn_ZedSiren_ZEDWars...
Log: Compiling FMXPawn_ZedStalker...
Log: Compiling FMXPawn_ZedStalker_Legacy...
Log: Compiling FMXPawn_ZedStalker_Versus...
Log: Compiling FMXPawn_ZedStalker_ZEDWars...
Log: Compiling FMXPerk_Berserker...
Log: Compiling FMXPerk_Berserker_Legacy...
Log: Compiling FMXPerk_Commando...
Log: Compiling FMXPerk_Commando_Legacy...
Log: Compiling FMXPerk_Demolitionist...
Log: Compiling FMXPerk_Demolitionist_Legacy...
Log: Compiling FMXPerk_FieldMedic...
Log: Compiling FMXPerk_FieldMedic_Legacy...
Log: Compiling FMXPerk_Firebug...
Log: Compiling FMXPerk_Firebug_Legacy...
Log: Compiling FMXPerk_Gunslinger...
Log: Compiling FMXPerk_Gunslinger_Legacy...
Log: Compiling FMXPerk_Sharpshooter...
Log: Compiling FMXPerk_Sharpshooter_Legacy...
Log: Compiling FMXPerk_Support...
Log: Compiling FMXPerk_Support_Legacy...
Log: Compiling FMXPerk_Survivalist...
Log: Compiling FMXPerk_Survivalist_Legacy...
Log: Compiling FMXPerk_Swat...
Log: Compiling FMXPerk_Swat_Legacy...
Log: Compiling FMXPerksContainer_Details...
Log: Compiling FMXPerksContainer_Header...
Log: Compiling FMXPerksContainer_Prestige...
Log: Compiling FMXPerksContainer_Selection...
Log: Compiling FMXPerksContainer_Skills...
Log: Compiling FMXPerksContainer_SkillsSummary...
Log: Compiling FMXPersonCameraMode...
Log: Compiling FMXPlayerCamera...
Log: Compiling FMXPlayerController...
DevLoad: 183391.0ms Loading: Package fx_headshot_alt_emit (C:\Pelit\Steam\steamapps\common\killingfloor2\KFGame\BrewedPC\Packages\EffectsThree\FX_Headshot_Alt_EMIT.upk - 3593399 bytes)
Log: Compiling FMXPlayerInput...
Log: Compiling FMXPlayerStat...
Log: Compiling FMXPopup_FriendsList...
Log: Compiling FMXProj_Blade_Eviscerator_Legacy...
Log: Compiling FMXProj_BloatKingPukeMine_Legacy...
Log: Compiling FMXProj_BloatPukeMine_Legacy...
Log: Compiling FMXProj_BloatPukeMine_Nightcore...
Log: Compiling FMXProj_Bullet_DragonsBreath_Legacy...
Log: Compiling FMXProj_Bullet_Mac10_Legacy...
Log: Compiling FMXProj_DragonsBreathSplash_Legacy...
Log: Compiling FMXProj_Explosive_HX25...
Log: Compiling FMXProj_Explosive_HX25_Legacy...
Log: Compiling FMXProj_FlameThrower_GroundFire_Legacy...
Log: Compiling FMXProj_FlareGun_Legacy...
Log: Compiling FMXProj_FlareGunSplash_Legacy...
Log: Compiling FMXProj_FreezeThrower_GroundIce_Legacy...
Log: Compiling FMXProj_HighExplosive_M16M203_Legacy...
Log: Compiling FMXProj_HighExplosive_M79_Legacy...
Log: Compiling FMXProj_HuskCannon_Fireball_Legacy...
Log: Compiling FMXProj_MicrowaveGun_GroundFire_Legacy...
Log: Compiling FMXProj_MolotovGrenade_Legacy...
Log: Compiling FMXProj_MolotovGrenade_Mini_Legacy...
Log: Compiling FMXProj_MolotovSplash_Legacy...
Log: Compiling FMXProj_Nail_Nailgun_Legacy...
Log: Compiling FMXProj_Rocket_RPG7_Legacy...
Log: Compiling FMXProj_Rocket_Seeker6_Legacy...
Log: Compiling FMXProj_Thrown_C4_Legacy...
Log: Compiling FMXProj_ZedSpawner...
Log: Compiling FMXReplicatedShowPathActor...
Log: Compiling FMXSM_BloatKing_Gorge...
Log: Compiling FMXSM_BloatKing_Gorge_Legacy...
Log: Compiling FMXSM_Fleshpound_Taunt...
Log: Compiling FMXSM_GrappleAttack_Hans...
Log: Compiling FMXSM_Husk_FireBallAttack_Nightcore...
Log: Compiling FMXSM_Siren_Scream_Legacy...
Log: Compiling FMXSM_Siren_Scream_ZEDWars...
Log: Compiling FMXStartContainer_InGameOverview...
Log: Compiling FMXTeamChatProxy...
Log: Compiling FMXTeamInfo_Minigame...
Log: Compiling FMXTraderContainer_GameInfo...
Log: Compiling FMXTraderContainer_ItemDetails...
Log: Compiling FMXTraderContainer_Store...
Log: Compiling FMXVoteCollector...
Log: Compiling FMXWeap_AssaultRifle_M16M203_Legacy...
Log: Compiling FMXWeap_AssaultRifle_Medic_Legacy...
Log: Compiling FMXWeap_Beam_Microwave_Legacy...
Log: Compiling FMXWeap_Blunt_MaceAndShield_Legacy...
Log: Compiling FMXWeap_Blunt_Pulverizer_Legacy...
Log: Compiling FMXWeap_Edged_Katana_Legacy...
Log: Compiling FMXWeap_Edged_Zweihander_Legacy...
Log: Compiling FMXWeap_Eviscerator_Legacy...
Log: Compiling FMXWeap_Flame_Flamethrower_Legacy...
Log: Compiling FMXWeap_GrenadeLauncher_HX25...
Log: Compiling FMXWeap_GrenadeLauncher_M79_Legacy...
Log: Compiling FMXWeap_Healer_Syringe...
Log: Compiling FMXWeap_HRG_EMP_ArcGenerator...
Log: Compiling FMXWeap_HuskCannon_Legacy...
Log: Compiling FMXWeap_Ice_FreezeThrower_Legacy...
Log: Compiling FMXWeap_LMG_Stoner63A_Legacy...
Log: Compiling FMXWeap_Pistol_9mm_Legacy...
Log: Compiling FMXWeap_Pistol_Dual9mm_Legacy...
Log: Compiling FMXWeap_Pistol_DualFlare_Legacy...
Log: Compiling FMXWeap_Pistol_Flare_Legacy...
Log: Compiling FMXWeap_Pistol_ZEDSpawner...
Log: Compiling FMXWeap_Revolver_DualSW500_Legacy...
Log: Compiling FMXWeap_Revolver_SW500_Legacy...
Log: Compiling FMXWeap_Rifle_CenterfireMB464_Legacy...
Log: Compiling FMXWeap_Rifle_Hemogoblin_Legacy...
Log: Compiling FMXWeap_Rifle_M14EBR_Legacy...
Log: Compiling FMXWeap_Rifle_RailGun_Legacy...
Log: Compiling FMXWeap_Rifle_Winchester1894_Legacy...
Log: Compiling FMXWeap_RocketLauncher_RPG7_Legacy...
Log: Compiling FMXWeap_RocketLauncher_Seeker6_Legacy...
Log: Compiling FMXWeap_Shotgun_DoubleBarrel_Legacy...
Log: Compiling FMXWeap_Shotgun_DragonsBreath_Legacy...
Log: Compiling FMXWeap_Shotgun_M4_Legacy...
Log: Compiling FMXWeap_Shotgun_Medic_Legacy...
Log: Compiling FMXWeap_Shotgun_Nailgun_Legacy...
Log: Compiling FMXWeap_SMG_Mac10_Legacy...
Log: Compiling FMXWeap_SMG_Medic_Legacy...
Log: Compiling FMXWeap_Thrown_C4_Legacy...
Log: Compiling FMXWeapDef_9mm_Legacy...
Log: Compiling FMXWeapDef_9mmDual_Legacy...
Log: Compiling FMXWeapDef_C4_Legacy...
Log: Compiling FMXWeapDef_CenterfireMB464_Legacy...
Log: Compiling FMXWeapDef_DoubleBarrel_Legacy...
Log: Compiling FMXWeapDef_Eviscerator_Legacy...
Log: Compiling FMXWeapDef_FlameThrower_Legacy...
Log: Compiling FMXWeapDef_FlareGun_Legacy...
Log: Compiling FMXWeapDef_FlareGunDual_Legacy...
Log: Compiling FMXWeapDef_FreezeThrower_Legacy...
Log: Compiling FMXWeapDef_Grenade_Firebug_Legacy...
Log: Compiling FMXWeapDef_Healer...
Log: Compiling FMXWeapDef_Hemogoblin_Legacy...
Log: Compiling FMXWeapDef_HK_UMP_Legacy...
Log: Compiling FMXWeapDef_HRG_EMP_ArcGenerator...
Log: Compiling FMXWeapDef_HuskCannon_Legacy...
Log: Compiling FMXWeapDef_HX25...
Log: Compiling FMXWeapDef_Katana_Legacy...
Log: Compiling FMXWeapDef_M14EBR_Legacy...
Log: Compiling FMXWeapDef_M16M203_Legacy...
Log: Compiling FMXWeapDef_M4_Legacy...
Log: Compiling FMXWeapDef_M79_Legacy...
Log: Compiling FMXWeapDef_Mac10_Legacy...
Log: Compiling FMXWeapDef_MaceAndShield_Legacy...
Log: Compiling FMXWeapDef_MedicRifle_Legacy...
Log: Compiling FMXWeapDef_MedicShotgun_Legacy...
Log: Compiling FMXWeapDef_MedicSMG_Legacy...
Log: Compiling FMXWeapDef_MicrowaveGun_Legacy...
Log: Compiling FMXWeapDef_MP5RAS_Legacy...
Log: Compiling FMXWeapDef_Nailgun_Legacy...
Log: Compiling FMXWeapDef_P90_Legacy...
Log: Compiling FMXWeapDef_Pulverizer_Legacy...
Log: Compiling FMXWeapDef_RailGun_Legacy...
Log: Compiling FMXWeapDef_RPG7_Legacy...
Log: Compiling FMXWeapDef_Seeker6_Legacy...
Log: Compiling FMXWeapDef_Stoner63A_Legacy...
Log: Compiling FMXWeapDef_SW500_Legacy...
Log: Compiling FMXWeapDef_SW500Dual_Legacy...
Log: Compiling FMXWeapDef_Winchester1894_Legacy...
Log: Compiling FMXWeapDef_Zweihander_Legacy...
Log: Compiling FMXWidget_BossHealthBar_TimeAttack...
Log: Compiling FMXWidget_InteractionMsg...
Log: Compiling FMXWidget_KickVote...
Log: Compiling FMXWidget_LevelUpNotification...
Log: Compiling FMXWidget_PartyInGame...
Log: Compiling FMXWidget_PartyInGame_MoreSlots...
Log: Compiling FMXWidget_PriorityMsg...
Log: Compiling FriendlyHUDCDCompatController...
Log: Compiling FriendlyHUDConfig...
Log: Compiling FriendlyHUDHelper...
Log: Compiling FriendlyHUDInteraction...
Log: Compiling FriendlyHUDMutator...
Log: Compiling FriendlyHUDReplicationInfo...
Log: Compiling GifHTTPImageDownloader...
Log: Compiling Grim_Reaper...
DevLoad: 224379.0ms Loading: Package WW_WEP_MEL_Katana (C:\Pelit\Steam\steamapps\common\killingfloor2\KFGame\BrewedPC\Packages\Audio\SFX\WW_WEP_MEL_Katana.upk - 3264 bytes)
Log: Compiling GUIStyleBase...
Log: Compiling HealProj...
Log: Compiling HTTPLink...
Log: Compiling ImageCache...
Log: Compiling ItemReplicationInfo...
Log: Compiling KF1_HUDWrapper...
Log: Compiling KF1_HUDWrapper_Versus...
Log: Compiling KF1_ScoreboardWidget...
Log: Compiling KF1_Versus_ScoreBoard...
Log: Compiling KF1HUD_BossHealthBar...
Log: Compiling KF1HUD_ChatBoxWidget...
Log: Compiling KF1HUD_MusicNotification...
Log: Compiling KF1HUD_PlayerBackpack...
Log: Compiling KF1HUD_PlayerMoveList...
Log: Compiling KF1HUD_PlayerStatus...
Log: Compiling KF1HUD_SpectatorInfo...
Log: Compiling KF1HUD_WeaponSelectWidget...
Log: Compiling KF1Menu_PostGameReport...
Log: Compiling KF1PostGameContainer_PlayerStats...
Log: Compiling KF2GUIController...
Log: Compiling KF2GUIInput...
Log: Compiling KF2Style...
Log: Compiling KFAIController_SuperHans...
Log: Compiling KFColorHelper...
Log: Compiling KFDT_Shock_Projectile...
Log: Compiling KFDT_Slashing_SuperHans...
Log: Compiling KFEventHelper...
Log: Compiling KFGRIAdditions...
Log: Compiling KFGUI_Base...
Log: Compiling KFGUI_BasePanel...
Log: Compiling KFGUI_Button...
Log: Compiling KFGUI_CategoryButton...
Log: Compiling KFGUI_CategoryList...
Log: Compiling KFGUI_CheckBox...
Log: Compiling KFGUI_Clickable...
Log: Compiling KFGUI_ColorSlider...
Log: Compiling KFGUI_ColumnList...
Log: Compiling KFGUI_ColumnTop...
Log: Compiling KFGUI_ComboBox...
Log: Compiling KFGUI_ComboSelector...
Log: Compiling KFGUI_ComponentList...
Log: Compiling KFGUI_EditBox...
Log: Compiling KFGUI_EditControl...
Log: Compiling KFGUI_FloatingWindow...
Log: Compiling KFGUI_FloatingWindowHeader...
Log: Compiling KFGUI_Frame...
Log: Compiling KFGUI_Image...
Log: Compiling KFGUI_ImageButton...
Log: Compiling KFGUI_List...
Log: Compiling KFGUI_ListHorz...
Log: Compiling KFGUI_ListItem...
Log: Compiling KFGUI_MultiComponent...
Log: Compiling KFGUI_NumSlider...
Log: Compiling KFGUI_Page...
Log: Compiling KFGUI_ProgressBar...
Log: Compiling KFGUI_RightClickMenu...
Log: Compiling KFGUI_ScrollBarBase...
Log: Compiling KFGUI_ScrollbarGrip...
Log: Compiling KFGUI_ScrollBarH...
Log: Compiling KFGUI_ScrollBarV...
Log: Compiling KFGUI_Slider...
Log: Compiling KFGUI_SwitchComponent...
Log: Compiling KFGUI_SwitchMenuBar...
Log: Compiling KFGUI_SwitchMenuButton...
Log: Compiling KFGUI_TextField...
Log: Compiling KFGUI_TextLable...
Log: Compiling KFGUI_Tooltip...
Log: Compiling KFGUIConsoleHack...
Log: Compiling KFMapObjective_KingOfTheHill...
DevLoad: 267736.0ms Loading: Package FX_Gameplay_EMIT (C:\Pelit\Steam\steamapps\common\killingfloor2\KFGame\BrewedPC\Packages\Effects\FX_Gameplay_EMIT.upk - 3523949 bytes)
Log: Compiling KFMusicManager...
Log: Compiling KFMusicTrackInfo_Custom...
Log: Compiling KFPawn_ZedGorefastDualBlade_Versus...
Log: Compiling KFProj_SuperHansNerveGasGrenade...
Log: Compiling KFProj_SuperHansNerveGasGrenade_Halloween...
Log: Compiling KFSaveDataBase...
Log: Compiling KFScoreBoard...
Log: Compiling KFSM_PlayerFleshpoundMini_Rage...
Log: Compiling KFSM_PlayerGorefiend_Melee...
Log: Compiling KFSM_PlayerGorefiend_Melee2...
Log: Compiling KFSM_PlayerGorefiend_Melee3...
Log: Compiling KFSM_SuperMatriarch_WarningSiren...
Log: Compiling KFSM_SuperPat_MinigunBarrage...
Log: Compiling KFWeap_AssaultRifle_DualMKb42_SuperHans...
Log: Compiling KFZEDHelper...
Log: Compiling KFZedScentTrail...
Log: Compiling KickVoteCommand...
Log: Compiling KOHInteraction...
Log: Compiling KOHReplication...
Log: Compiling MapTimeInfo...
Log: Compiling MusicInfoObject...
Log: Compiling NetBoneEmitterFX...
Log: Compiling NetEmitterFX...
Log: Compiling OverlevelPerk...
Log: Compiling PerkProtectedBypass...
Log: Compiling PerkStatsObject...
Log: Compiling PlayerTicker...
Log: Compiling RadarOverlay...
Log: Compiling ReaperCampWatch...
Log: Compiling ReplicatedViewModel...
Log: Compiling SeasonalObjectiveStats...
Log: Compiling ShockProj...
Log: Compiling SlotInteraction...
Log: Compiling SlotsMachine...
Log: Compiling SpectatorFlame...
Log: Compiling SpectatorObject...
Log: Compiling SpectatorUFO...
Log: Compiling SprayManager...
DevLoad: 279606.0ms Loading: Package WW_ENV_Airship (C:\Pelit\Steam\steamapps\common\killingfloor2\KFGame\BrewedPC\Packages\Audio\Ambient\WW_ENV_Airship.upk - 14694 bytes)
DevLoad: 279652.0ms Loading: Package WW_UI_Objectives (C:\Pelit\Steam\steamapps\common\killingfloor2\KFGame\BrewedPC\Packages\Audio\SFX\WW_UI_Objectives.upk - 2035 bytes)
DevLoad: 280091.0ms Loading: Package FX_Mat_Lib (C:\Pelit\Steam\steamapps\common\killingfloor2\KFGame\BrewedPC\Packages\MaterialLib\FX_Mat_Lib.upk - 4361827 bytes)
DevLoad: 280117.0ms Loading: Package Engine_MI_Shaders (C:\Pelit\Steam\steamapps\common\killingfloor2\KFGame\BrewedPC\Engine_MI_Shaders.upk - 96891863 bytes)
Log: Compiling SteamWorksInterface...
Log: Compiling SuperPawn_ZedHans...
Log: Compiling SuperPawn_ZedMatriarch...
Log: Compiling SuperPawn_ZedPatriarch...
Log: Compiling SuperWebAdmin_UI...
Log: Compiling TeamExplosionInterface...
Log: Compiling TimeAttackInteraction...
Log: Compiling TimeAttackReplication...
Log: Compiling TournamentInteraction...
Log: Compiling TournamentTracker...
Log: Compiling TrueEndlessInteraction...
Log: Compiling TrueEndlessReplication...
Log: Compiling UI_AchievementList...
DevLoad: 282360.0ms Loading: Package DailyObjective_UI (C:\Pelit\Steam\steamapps\common\killingfloor2\KFGame\BrewedPC\Packages\UserInterface\Daily\DailyObjective_UI.upk - 609487 bytes)
Log: Compiling UI_Console...
Log: Compiling UI_ConsoleMenu...
Log: Compiling UI_LobbyChatBox...
Log: Compiling UI_MainChatBox...
Log: Compiling UI_MidGameMenu...
Log: Compiling UI_NotifyDisconnect...
Log: Compiling UI_NotifySure...
Log: Compiling UI_PlayerSpecs...
Log: Compiling UI_PopupMessage...
Log: Compiling UI_TeamAwards...
Log: Compiling UIP_ColorSettings...
Log: Compiling UIP_MapVote...
Log: Compiling UIP_MidGameStats...
Log: Compiling UIP_PlayerSpecs...
Log: Compiling UIP_Settings...
Log: Compiling UIP_TeamAwards...
Log: Compiling UIR_ChatBox...
Log: Compiling UIR_ChatBoxEmotes...
Log: Compiling UIR_ChatBoxSettings...
Log: Compiling UIR_ChatCommands...
Log: Compiling UIR_ConsoleAutoCompleteList...
Log: Compiling UIR_ConsoleEditBox...
Log: Compiling UIR_SparesInventoryItem...
Log: Compiling UMCompatInteraction...
Log: Compiling UnrealDebugger...
Log: Compiling VoteCommander...
Log: Compiling VoteManager...
Log: Compiling WMAICommand_HuskOmegaFireBallBarrageAttack...
Log: Compiling WMAIController_ZedFleshpound_Predator...
Log: Compiling WMAIController_ZedGorefast_Omega...
Log: Compiling WMAIController_ZedHusk_Omega...
Log: Compiling WMDifficulty_Crawler_Big...
Log: Compiling WMDifficulty_Gorefast_Omega...
Log: Compiling WMDifficulty_Husk_Omega...
Log: Compiling WMDifficulty_Scrake_Emperor...
Log: Compiling WMDifficulty_Siren_Omega...
Log: Compiling WMDifficulty_Stalker_Omega...
Log: Compiling WMDT_Explosive_Virus...
Log: Compiling WMExplosion_TinyHusk...
Log: Compiling WMExplosion_Virus...
Log: Compiling WMFX_Base...
Log: Compiling WMFX_Phoenix...
Log: Compiling WMFX_PhoenixB...
Log: Compiling WMPawn_OmegaConstants...
Log: Compiling WMPawn_ZedBloatKing...
Log: Compiling WMPawn_ZedClot_Alpha_NoRiot...
Log: Compiling WMPawn_ZedClot_Slasher_Omega...
DevLoad: 296956.0ms Loading: Package ZedternalReborn_Zeds (C:\Pelit\Steam\steamapps\common\killingfloor2\KFGame\BrewedPC\FMX\ZedternalReborn_Zeds.upk - 15403332 bytes)
Log: Compiling WMPawn_ZedCrawler_Big...
Log: Compiling WMPawn_ZedCrawler_Huge...
Log: Compiling WMPawn_ZedCrawler_Medium...
Log: Compiling WMPawn_ZedCrawler_Mini...
Log: Compiling WMPawn_ZedCrawler_NoElite...
Log: Compiling WMPawn_ZedCrawler_Ultra...
Log: Compiling WMPawn_ZedFleshpound_Omega...
Log: Compiling WMPawn_ZedFleshpound_Predator...
Log: Compiling WMPawn_ZedFleshpoundKing...
Log: Compiling WMPawn_ZedGorefast_NoDualBlade...
Log: Compiling WMPawn_ZedGorefast_Omega...
Log: Compiling WMPawn_ZedHusk_NoDAR...
Log: Compiling WMPawn_ZedHusk_Omega...
Log: Compiling WMPawn_ZedHusk_Tiny...
Log: Compiling WMPawn_ZedHusk_Tiny_Blue...
Log: Compiling WMPawn_ZedHusk_Tiny_Green...
Log: Compiling WMPawn_ZedHusk_Tiny_Pink...
Log: Compiling WMPawn_ZedScrake_Emperor...
Log: Compiling WMPawn_ZedScrake_Omega...
Log: Compiling WMPawn_ZedScrake_Tiny...
Log: Compiling WMPawn_ZedSiren_Omega...
Log: Compiling WMPawn_ZedStalker_NoDAR...
Log: Compiling WMPawn_ZedStalker_Omega...
Log: Compiling WMPerk_Timers...
Log: Compiling WMProj_Husk_Fireball_Suicide...
Log: Compiling WMSM_Husk_Omega_FireBallBarrageAttack...
Log: Compiling WMSpecialWave...
Log: Compiling WMSpecialWave_Acceleration...
Log: Compiling WMSpecialWave_BackupPlan...
Log: Compiling WMSpecialWave_BloodyChainsaw...
Log: Compiling WMSpecialWave_BobbleZed...
Log: Compiling WMSpecialWave_BuffUp...
Log: Compiling WMSpecialWave_CatchMe...
Log: Compiling WMSpecialWave_Chaos...
Log: Compiling WMSpecialWave_ClotBuster...
Log: Compiling WMSpecialWave_Division...
Log: Compiling WMSpecialWave_Dosh...
Log: Compiling WMSpecialWave_DoubleDamage...
Log: Compiling WMSpecialWave_Earthquake...
Log: Compiling WMSpecialWave_Earthquake_Helper...
Log: Compiling WMSpecialWave_Emperor...
Log: Compiling WMSpecialWave_Featherweight...
Log: Compiling WMSpecialWave_Fireworks...
Log: Compiling WMSpecialWave_FiveAlarmSiren...
Log: Compiling WMSpecialWave_GiftFromAbove...
Log: Compiling WMSpecialWave_GodMode...
Log: Compiling WMSpecialWave_GoredFast...
Log: Compiling WMSpecialWave_Haemorrhage...
Log: Compiling WMSpecialWave_HellFire...
Log: Compiling WMSpecialWave_InstaKill...
Log: Compiling WMSpecialWave_Lethargic...
Log: Compiling WMSpecialWave_Locked...
Log: Compiling WMSpecialWave_MechanicalProblem...
Log: Compiling WMSpecialWave_Pesticide...
Log: Compiling WMSpecialWave_Phoenix...
Log: Compiling WMSpecialWave_Pop...
Log: Compiling WMSpecialWave_Popcorn...
Log: Compiling WMSpecialWave_Poundamonium...
Log: Compiling WMSpecialWave_Predator...
Log: Compiling WMSpecialWave_PurpleAlert...
Log: Compiling WMSpecialWave_Regeneration...
Log: Compiling WMSpecialWave_Shrink...
Log: Compiling WMSpecialWave_TheHorde...
Log: Compiling WMSpecialWave_TinyTerror...
Log: Compiling WMSpecialWave_Titans...
Log: Compiling WMSpecialWave_ToxicNightmare...
Log: Compiling WMSpecialWave_UnlimitedAmmo...
Log: Compiling WMSpecialWave_UpUpDecay...
Log: Compiling WMSpecialWave_Vampire...
Log: Compiling WMSpecialWave_Virus...
Log: Compiling WMZedBuff...
Log: Compiling WMZedBuff_Beefcake...
Log: Compiling WMZedBuff_Clot_Stronger...
Log: Compiling WMZedBuff_Crawler_Faster...
Log: Compiling WMZedBuff_Crawler_Health...
Log: Compiling WMZedBuff_Damage...
Log: Compiling WMZedBuff_Damage_II...
Log: Compiling WMZedBuff_Fleshpound_Stronger...
Log: Compiling WMZedBuff_Gorefast_Damage...
Log: Compiling WMZedBuff_Gorefast_Enraged...
Log: Compiling WMZedBuff_Health...
Log: Compiling WMZedBuff_Health_II...
Log: Compiling WMZedBuff_Hostility...
Log: Compiling WMZedBuff_Husk_SuicideRate...
Log: Compiling WMZedBuff_PukeMine...
Log: Compiling WMZedBuff_Scrake_Enraged...
Log: Compiling WMZedBuff_Siren_Heal...
Log: Compiling WMZedBuff_Siren_Heal_Helper...
Log: Compiling WMZedBuff_Siren_ScreamRate...
Log: Compiling WMZedBuff_Slasher_Enraged...
Log: Compiling WMZedBuff_SpawnRate...
Log: Compiling WMZedBuff_Speed...
Log: Compiling WMZedBuff_Speed_II...
Log: Compiling WMZedBuff_Stalker_Faster...
Log: Compiling xUI_MapRank...
Log: Compiling xUI_PostGameReport...
Log: Compiling xVotingHandlerBase...
Log: Compiling xVotingReplication...
Log: Compiling ZEDHitZoneInterface...
Log: Compiling ZedternalInteraction...
Log: Compiling ZedternalReplicationInfo...
Log: Compiling ZEDWarsInteraction...
Log: Compiling ZEDWarsReplication...
Log: Compiling ZEDWarsTeams...
Log: Importing defaultproperties of ScriptStruct ZEDModifications.SuperWebAdmin_UI.FWebAdminConfigInfo
Log: Importing defaultproperties of ScriptStruct ZEDModifications.MusicInfoObject.MusicInfo
Log: Importing defaultproperties of ScriptStruct ZEDModifications.KFGUI_TextField.FTextPart
Log: Importing defaultproperties of ScriptStruct ZEDModifications.KFColorHelper.HSVColour
Log: Importing defaultproperties of ScriptStruct ZEDModifications.ExtHeadShotEffectList.HeadshotEffectEx
Log: Importing defaultproperties of ScriptStruct ZEDModifications.ClassicKFHUD.HUDBoxRenderInfo
Log: Importing defaultproperties of ScriptStruct ZEDModifications.ClassicKFHUD.FPriorityMessage
Log: Importing defaultproperties of ScriptStruct ZEDModifications.AchievementInfo.AchInfo
Warning: Failed to load 'Texture2D KFModifications_Achievements.AchievementIcon_Locked': Failed to find object 'Texture2D KFModifications_Achievements.AchievementIcon_Locked'
ExecWarning: Src\ZEDModifications\Classes\AchievementInfo.uc(30) : ExecWarning, LockImage.ImportText failed: Couldn't find object Texture2D'KFModifications_Achievements.AchievementIcon_Locked'
Log: Importing defaultproperties of Class ZEDModifications.AchievementInfo
Critical: FArray::Realloc
Critical: 0*2
Critical: UStrProperty::ImportText
Critical: (StrProperty ZEDModifications.AchievementInfo.AchInfo.AchievementName)
Critical: UStructProperty::ImportText
Critical: (StructProperty ZEDModifications.AchievementInfo.Achievements.Achievements)
